0 info it worked if it ends with ok
1 verbose cli [ 'C:\\Program Files\\nodejs\\node.exe',
1 verbose cli   'C:\\Users\\Nithin\\AppData\\Roaming\\npm\\node_modules\\npm\\bin\\npm-cli.js',
1 verbose cli   'start',
1 verbose cli   'watch' ]
2 info using npm@4.0.2
3 info using node@v10.16.3
4 verbose run-script [ 'prestart', 'start', 'poststart' ]
5 info lifecycle Hw_withServer@1.0.0~prestart: Hw_withServer@1.0.0
6 silly lifecycle Hw_withServer@1.0.0~prestart: no script for prestart, continuing
7 info lifecycle Hw_withServer@1.0.0~start: Hw_withServer@1.0.0
8 verbose lifecycle Hw_withServer@1.0.0~start: unsafe-perm in lifecycle true
9 verbose lifecycle Hw_withServer@1.0.0~start: PATH: C:\Users\Nithin\AppData\Roaming\npm\node_modules\npm\bin\node-gyp-bin;C:\Users\Nithin\Documents\SDSU\Sem2\FullStack\ProductInventory\node_modules\.bin;C:\Python27\;C:\Python27\Scripts;C:\Program Files (x86)\Lenovo\FusionEngine;C:\Program Files (x86)\Intel\iCLS Client\;C:\Program Files\Intel\iCLS Client\;C:\WINDOWS\system32;C:\WINDOWS;C:\WINDOWS\System32\Wbem;C:\WINDOWS\System32\WindowsPowerShell\v1.0\;C:\Program Files\Intel\Intel(R) Management Engine Components\DAL;C:\Program Files (x86)\Intel\Intel(R) Management Engine Components\DAL;C:\Program Files\Intel\Intel(R) Management Engine Components\IPT;C:\Program Files (x86)\Intel\Intel(R) Management Engine Components\IPT;C:\Program Files\Lenovo\Bluetooth Software\;C:\Program Files\Lenovo\Bluetooth Software\syswow64;C:\Program Files (x86)\Lenovo\Motion Control\;C:\Program Files (x86)\Common Files\lenovo\easyplussdk\bin;C:\Program Files (x86)\PuTTY\;C:\Users\Nithin\.dnx\bin;C:\Program Files\Microsoft DNX\Dnvm\;C:\Program Files (x86)\Windows Kits\8.1\Windows Performance Toolkit\;C:\Program Files (x86)\Brackets\command;C:\Windows\System32;C:\Windows;C:\jdk1.6.0_45\\bin;C:\Program Files\cURL\bin;C:\Program Files\Microsoft SQL Server\110\Tools\Binn\;C:\WINDOWS\System32\OpenSSH\;C:\Program Files\Git\cmd;C:\Program Files\Java\jre1.8.0_221\bin;C:\Program Files\nodejs\;C:\Program Files\MATLAB\R2019b\runtime\win64;C:\Program Files\MATLAB\R2019b\bin;C:\Users\Nithin\AppData\Local\Microsoft\WindowsApps;C:\Users\Nithin\AppData\Local\Programs\Microsoft VS Code\bin;C:\Users\Nithin\AppData\Local\GitHubDesktop\bin;;C:\Users\Nithin\AppData\Local\Microsoft\WindowsApps;C:\Users\Nithin\AppData\Roaming\npm;C:\Program Files\JetBrains\IntelliJ IDEA 2019.2.3\bin;
10 verbose lifecycle Hw_withServer@1.0.0~start: CWD: C:\Users\Nithin\Documents\SDSU\Sem2\FullStack\ProductInventory
11 silly lifecycle Hw_withServer@1.0.0~start: Args: [ '/d /s /c', 'node server.js "watch"' ]
12 silly lifecycle Hw_withServer@1.0.0~start: Returned: code: 1  signal: null
13 info lifecycle Hw_withServer@1.0.0~start: Failed to exec start script
14 verbose stack Error: Hw_withServer@1.0.0 start: `node server.js "watch"`
14 verbose stack Exit status 1
14 verbose stack     at EventEmitter.<anonymous> (C:\Users\Nithin\AppData\Roaming\npm\node_modules\npm\lib\utils\lifecycle.js:279:16)
14 verbose stack     at EventEmitter.emit (events.js:198:13)
14 verbose stack     at ChildProcess.<anonymous> (C:\Users\Nithin\AppData\Roaming\npm\node_modules\npm\lib\utils\spawn.js:40:14)
14 verbose stack     at ChildProcess.emit (events.js:198:13)
14 verbose stack     at maybeClose (internal/child_process.js:982:16)
14 verbose stack     at Process.ChildProcess._handle.onexit (internal/child_process.js:259:5)
15 verbose pkgid Hw_withServer@1.0.0
16 verbose cwd C:\Users\Nithin\Documents\SDSU\Sem2\FullStack\ProductInventory
17 error Windows_NT 10.0.18362
18 error argv "C:\\Program Files\\nodejs\\node.exe" "C:\\Users\\Nithin\\AppData\\Roaming\\npm\\node_modules\\npm\\bin\\npm-cli.js" "start" "watch"
19 error node v10.16.3
20 error npm  v4.0.2
21 error code ELIFECYCLE
22 error Hw_withServer@1.0.0 start: `node server.js "watch"`
22 error Exit status 1
23 error Failed at the Hw_withServer@1.0.0 start script 'node server.js "watch"'.
23 error Make sure you have the latest version of node.js and npm installed.
23 error If you do, this is most likely a problem with the Hw_withServer package,
23 error not with npm itself.
23 error Tell the author that this fails on your system:
23 error     node server.js "watch"
23 error You can get information on how to open an issue for this project with:
23 error     npm bugs Hw_withServer
23 error Or if that isn't available, you can get their info via:
23 error     npm owner ls Hw_withServer
23 error There is likely additional logging output above.
24 verbose exit [ 1, true ]
